{
  "stats": {
    "suites": 3,
    "tests": 4,
    "passes": 4,
    "pending": 0,
    "failures": 0,
    "start": "2021-11-10T20:47:03.423Z",
    "end": "2021-11-10T20:47:14.818Z",
    "duration": 11395,
    "testsRegistered": 4,
    "passPercent": 100,
    "pendingPercent": 0,
    "other": 0,
    "hasOther": false,
    "skipped": 0,
    "hasSkipped": false
  },
  "results": [
    {
      "uuid": "136f528c-2d9c-428c-99e3-3d2ffc5af754",
      "title": "",
      "fullFile": "cypress/integration/front_login.spec.js",
      "file": "cypress/integration/front_login.spec.js",
      "beforeHooks": [],
      "afterHooks": [],
      "tests": [],
      "suites": [
        {
          "uuid": "ade0ffae-558a-49f1-8ec2-4faa38aea4a9",
          "title": "Testes Front ServeRest - LOGIN",
          "fullFile": "",
          "file": "",
          "beforeHooks": [],
          "afterHooks": [],
          "tests": [],
          "suites": [
            {
              "uuid": "b2af2318-84e0-4170-9c59-e1316026b0dd",
              "title": "Testes de login positivos",
              "fullFile": "",
              "file": "",
              "beforeHooks": [],
              "afterHooks": [],
              "tests": [
                {
                  "title": "Deve verificar se os campos para login estão adequados",
                  "fullTitle": "Testes Front ServeRest - LOGIN Testes de login positivos Deve verificar se os campos para login estão adequados",
                  "timedOut": null,
                  "duration": 2947,
                  "state": "passed",
                  "speed": "fast",
                  "pass": true,
                  "fail": false,
                  "pending": false,
                  "context": null,
                  "code": "_serverest_login.default.acessarServeRest();\n_serverest_login.default.verificarLogin();",
                  "err": {},
                  "uuid": "3d82cc7a-6b7a-4b6d-a3f3-bde87c18b011",
                  "parentUUID": "b2af2318-84e0-4170-9c59-e1316026b0dd",
                  "isHook": false,
                  "skipped": false
                }
              ],
              "suites": [],
              "passes": [
                "3d82cc7a-6b7a-4b6d-a3f3-bde87c18b011"
              ],
              "failures": [],
              "pending": [],
              "skipped": [],
              "duration": 2947,
              "root": false,
              "rootEmpty": false,
              "_timeout": 2000
            },
            {
              "uuid": "733ef8b2-409a-4031-894a-236794a51aa9",
              "title": "Testes de login negativos",
              "fullFile": "",
              "file": "",
              "beforeHooks": [],
              "afterHooks": [],
              "tests": [
                {
                  "title": "Deve logar com um usuário que não existe",
                  "fullTitle": "Testes Front ServeRest - LOGIN Testes de login negativos Deve logar com um usuário que não existe",
                  "timedOut": null,
                  "duration": 2132,
                  "state": "passed",
                  "speed": "fast",
                  "pass": true,
                  "fail": false,
                  "pending": false,
                  "context": null,
                  "code": "_serverest_login.default.logarUsuárioInexistente('sadjabdba22@qa.com');\n_serverest_login.default.validarLoginInvalido();",
                  "err": {},
                  "uuid": "01986da0-a54a-45d6-8a11-e2d2f49bafe4",
                  "parentUUID": "733ef8b2-409a-4031-894a-236794a51aa9",
                  "isHook": false,
                  "skipped": false
                },
                {
                  "title": "Deve logar com um usuário existente mas com a senha errada",
                  "fullTitle": "Testes Front ServeRest - LOGIN Testes de login negativos Deve logar com um usuário existente mas com a senha errada",
                  "timedOut": null,
                  "duration": 1678,
                  "state": "passed",
                  "speed": "fast",
                  "pass": true,
                  "fail": false,
                  "pending": false,
                  "context": null,
                  "code": "_serverest_login.default.acessarServeRest();\n_serverest_login.default.logarSenhaErrada('senhaerrada');\n_serverest_login.default.validarLoginInvalido();",
                  "err": {},
                  "uuid": "311e290f-a812-4af3-9661-d8a442ec1204",
                  "parentUUID": "733ef8b2-409a-4031-894a-236794a51aa9",
                  "isHook": false,
                  "skipped": false
                },
                {
                  "title": "Deve tentar logar com um usuário com caracteres inválidos",
                  "fullTitle": "Testes Front ServeRest - LOGIN Testes de login negativos Deve tentar logar com um usuário com caracteres inválidos",
                  "timedOut": null,
                  "duration": 1551,
                  "state": "passed",
                  "speed": "fast",
                  "pass": true,
                  "fail": false,
                  "pending": false,
                  "context": null,
                  "code": "_serverest_login.default.acessarServeRest();\n_serverest_login.default.logarUsuárioInexistente('asdad123');\n_serverest_login.default.validarAlert();",
                  "err": {},
                  "uuid": "0a093d7b-c03c-4008-9c7d-b315cd500a77",
                  "parentUUID": "733ef8b2-409a-4031-894a-236794a51aa9",
                  "isHook": false,
                  "skipped": false
                }
              ],
              "suites": [],
              "passes": [
                "01986da0-a54a-45d6-8a11-e2d2f49bafe4",
                "311e290f-a812-4af3-9661-d8a442ec1204",
                "0a093d7b-c03c-4008-9c7d-b315cd500a77"
              ],
              "failures": [],
              "pending": [],
              "skipped": [],
              "duration": 5361,
              "root": false,
              "rootEmpty": false,
              "_timeout": 2000
            }
          ],
          "passes": [],
          "failures": [],
          "pending": [],
          "skipped": [],
          "duration": 0,
          "root": false,
          "rootEmpty": false,
          "_timeout": 2000
        }
      ],
      "passes": [],
      "failures": [],
      "pending": [],
      "skipped": [],
      "duration": 0,
      "root": true,
      "rootEmpty": true,
      "_timeout": 2000
    }
  ],
  "meta": {
    "mocha": {
      "version": "7.0.1"
    },
    "mochawesome": {
      "options": {
        "quiet": false,
        "reportFilename": "mochawesome",
        "saveHtml": false,
        "saveJson": true,
        "consoleReporter": "spec",
        "useInlineDiffs": false,
        "code": true
      },
      "version": "6.3.1"
    },
    "marge": {
      "options": {
        "reportDir": "cypress/report/mochawesome-report",
        "overwrite": false,
        "html": false,
        "json": true,
        "timestamp": "yyyymmdd_HHMMss",
        "reportTitle": "Relatório Testes Sprint 5",
        "cdn": true,
        "charts": true
      },
      "version": "5.2.0"
    }
  }
}