{
  "stats": {
    "suites": 7,
    "tests": 12,
    "passes": 12,
    "pending": 0,
    "failures": 0,
    "start": "2021-11-10T20:45:38.003Z",
    "end": "2021-11-10T20:46:16.582Z",
    "duration": 38579,
    "testsRegistered": 12,
    "passPercent": 100,
    "pendingPercent": 0,
    "other": 0,
    "hasOther": false,
    "skipped": 0,
    "hasSkipped": false
  },
  "results": [
    {
      "uuid": "8e8fd638-ddc5-4b8f-9580-032878d3b57d",
      "title": "",
      "fullFile": "cypress/integration/front_cdusuario.spec.js",
      "file": "cypress/integration/front_cdusuario.spec.js",
      "beforeHooks": [],
      "afterHooks": [],
      "tests": [],
      "suites": [
        {
          "uuid": "85ec4450-e8d5-45d0-9374-928027ec76d6",
          "title": "Testes Front ServeRest - CADASTRO DE USUARIOS",
          "fullFile": "",
          "file": "",
          "beforeHooks": [],
          "afterHooks": [],
          "tests": [],
          "suites": [
            {
              "uuid": "e64f630b-96d7-4934-a0e3-140710f28612",
              "title": "Testes cadastro de usuário/Positivos",
              "fullFile": "",
              "file": "",
              "beforeHooks": [],
              "afterHooks": [],
              "tests": [
                {
                  "title": "Validar campos para realizar o cadastro",
                  "fullTitle": "Testes Front ServeRest - CADASTRO DE USUARIOS Testes cadastro de usuário/Positivos Validar campos para realizar o cadastro",
                  "timedOut": null,
                  "duration": 2236,
                  "state": "passed",
                  "speed": "fast",
                  "pass": true,
                  "fail": false,
                  "pending": false,
                  "context": null,
                  "code": "_serverest_cdusuario.default.campos_cadastro();",
                  "err": {},
                  "uuid": "f31722e7-a8e0-4346-aca4-5491558acd1d",
                  "parentUUID": "e64f630b-96d7-4934-a0e3-140710f28612",
                  "isHook": false,
                  "skipped": false
                }
              ],
              "suites": [
                {
                  "uuid": "d25a6408-7d9b-440d-94a0-17462be46615",
                  "title": "Cadastro de usuário com propriedades de administrador",
                  "fullFile": "",
                  "file": "",
                  "beforeHooks": [],
                  "afterHooks": [],
                  "tests": [
                    {
                      "title": "Deve cadastrar um usuário admin",
                      "fullTitle": "Testes Front ServeRest - CADASTRO DE USUARIOS Testes cadastro de usuário/Positivos Cadastro de usuário com propriedades de administrador Deve cadastrar um usuário admin",
                      "timedOut": null,
                      "duration": 3774,
                      "state": "passed",
                      "speed": "fast",
                      "pass": true,
                      "fail": false,
                      "pending": false,
                      "context": null,
                      "code": "_serverest_login.default.acessarServeRestCadastro();\n_serverest_cdusuario.default.realizar_cadastroAdmin();\ncy.wait(1500);",
                      "err": {},
                      "uuid": "130acd13-a1ed-4c27-ab72-064402074a02",
                      "parentUUID": "d25a6408-7d9b-440d-94a0-17462be46615",
                      "isHook": false,
                      "skipped": false
                    },
                    {
                      "title": "Deve logar com esse mesmo usuário admin",
                      "fullTitle": "Testes Front ServeRest - CADASTRO DE USUARIOS Testes cadastro de usuário/Positivos Cadastro de usuário com propriedades de administrador Deve logar com esse mesmo usuário admin",
                      "timedOut": null,
                      "duration": 3194,
                      "state": "passed",
                      "speed": "fast",
                      "pass": true,
                      "fail": false,
                      "pending": false,
                      "context": null,
                      "code": "_serverest_login.default.acessarServeRest();\n_serverest_cdusuario.default.login();\ncy.wait(1500);",
                      "err": {},
                      "uuid": "6f5cbaaa-f96e-4a18-bd07-d5e66aa60497",
                      "parentUUID": "d25a6408-7d9b-440d-94a0-17462be46615",
                      "isHook": false,
                      "skipped": false
                    },
                    {
                      "title": "Deve validar elementos da página inicial",
                      "fullTitle": "Testes Front ServeRest - CADASTRO DE USUARIOS Testes cadastro de usuário/Positivos Cadastro de usuário com propriedades de administrador Deve validar elementos da página inicial",
                      "timedOut": null,
                      "duration": 1655,
                      "state": "passed",
                      "speed": "fast",
                      "pass": true,
                      "fail": false,
                      "pending": false,
                      "context": null,
                      "code": "_serverest_login.default.validarNavBarAdmin();\n_serverest_login.default.validarCorpoAdmin();\ncy.wait(1500);",
                      "err": {},
                      "uuid": "f05282ab-4afb-4f31-b637-60d91f40f182",
                      "parentUUID": "d25a6408-7d9b-440d-94a0-17462be46615",
                      "isHook": false,
                      "skipped": false
                    }
                  ],
                  "suites": [],
                  "passes": [
                    "130acd13-a1ed-4c27-ab72-064402074a02",
                    "6f5cbaaa-f96e-4a18-bd07-d5e66aa60497",
                    "f05282ab-4afb-4f31-b637-60d91f40f182"
                  ],
                  "failures": [],
                  "pending": [],
                  "skipped": [],
                  "duration": 8623,
                  "root": false,
                  "rootEmpty": false,
                  "_timeout": 2000
                },
                {
                  "uuid": "c0f0bff1-3dbc-4bf7-87f7-3fbe1bc452e0",
                  "title": "Cadastro de usuário sem propriedades de administrador",
                  "fullFile": "",
                  "file": "",
                  "beforeHooks": [],
                  "afterHooks": [],
                  "tests": [
                    {
                      "title": "Deve cadastrar um usuário não administrador",
                      "fullTitle": "Testes Front ServeRest - CADASTRO DE USUARIOS Testes cadastro de usuário/Positivos Cadastro de usuário sem propriedades de administrador Deve cadastrar um usuário não administrador",
                      "timedOut": null,
                      "duration": 4585,
                      "state": "passed",
                      "speed": "fast",
                      "pass": true,
                      "fail": false,
                      "pending": false,
                      "context": null,
                      "code": "_serverest_login.default.acessarServeRestCadastro();\n_serverest_cdusuario.default.realizar_cadastroNaoAdmin();\ncy.wait(1500);",
                      "err": {},
                      "uuid": "13560ff0-d2cf-446a-b75b-06bb91c3636d",
                      "parentUUID": "c0f0bff1-3dbc-4bf7-87f7-3fbe1bc452e0",
                      "isHook": false,
                      "skipped": false
                    },
                    {
                      "title": "Deve logar com esse mesmo usuário",
                      "fullTitle": "Testes Front ServeRest - CADASTRO DE USUARIOS Testes cadastro de usuário/Positivos Cadastro de usuário sem propriedades de administrador Deve logar com esse mesmo usuário",
                      "timedOut": null,
                      "duration": 3456,
                      "state": "passed",
                      "speed": "fast",
                      "pass": true,
                      "fail": false,
                      "pending": false,
                      "context": null,
                      "code": "_serverest_login.default.acessarServeRest();\n_serverest_cdusuario.default.loginNaoAdmin();\ncy.wait(1500);",
                      "err": {},
                      "uuid": "c4e045f9-f8a8-495c-86f0-15cf98301d5c",
                      "parentUUID": "c0f0bff1-3dbc-4bf7-87f7-3fbe1bc452e0",
                      "isHook": false,
                      "skipped": false
                    },
                    {
                      "title": "Validar elementos da página inicial",
                      "fullTitle": "Testes Front ServeRest - CADASTRO DE USUARIOS Testes cadastro de usuário/Positivos Cadastro de usuário sem propriedades de administrador Validar elementos da página inicial",
                      "timedOut": null,
                      "duration": 4837,
                      "state": "passed",
                      "speed": "fast",
                      "pass": true,
                      "fail": false,
                      "pending": false,
                      "context": null,
                      "code": "_serverest_login.default.validarHomepageNaoAdmin();\n_serverest_login.default.validarDivsProdutos();\n_serverest_login.default.validarValue();",
                      "err": {},
                      "uuid": "7e2377d4-30cc-4a64-82e8-f79c46ee716a",
                      "parentUUID": "c0f0bff1-3dbc-4bf7-87f7-3fbe1bc452e0",
                      "isHook": false,
                      "skipped": false
                    }
                  ],
                  "suites": [],
                  "passes": [
                    "13560ff0-d2cf-446a-b75b-06bb91c3636d",
                    "c4e045f9-f8a8-495c-86f0-15cf98301d5c",
                    "7e2377d4-30cc-4a64-82e8-f79c46ee716a"
                  ],
                  "failures": [],
                  "pending": [],
                  "skipped": [],
                  "duration": 12878,
                  "root": false,
                  "rootEmpty": false,
                  "_timeout": 2000
                }
              ],
              "passes": [
                "f31722e7-a8e0-4346-aca4-5491558acd1d"
              ],
              "failures": [],
              "pending": [],
              "skipped": [],
              "duration": 2236,
              "root": false,
              "rootEmpty": false,
              "_timeout": 2000
            },
            {
              "uuid": "c25627fd-bfdb-463c-80be-8fa02f5dd48d",
              "title": "Testes cadastro de usuário/Negativos",
              "fullFile": "",
              "file": "",
              "beforeHooks": [],
              "afterHooks": [],
              "tests": [],
              "suites": [
                {
                  "uuid": "28abc8c9-e3e7-4dba-9312-970777512aff",
                  "title": "Testes cadastro de usuário deixando algum campo em branco",
                  "fullFile": "",
                  "file": "",
                  "beforeHooks": [],
                  "afterHooks": [],
                  "tests": [
                    {
                      "title": "Deve cadastrar um usuário com o nome em branco",
                      "fullTitle": "Testes Front ServeRest - CADASTRO DE USUARIOS Testes cadastro de usuário/Negativos Testes cadastro de usuário deixando algum campo em branco Deve cadastrar um usuário com o nome em branco",
                      "timedOut": null,
                      "duration": 3316,
                      "state": "passed",
                      "speed": "fast",
                      "pass": true,
                      "fail": false,
                      "pending": false,
                      "context": null,
                      "code": "_serverest_login.default.acessarServeRestCadastro();\n_serverest_cdusuario.default.nomeObrigatorio();",
                      "err": {},
                      "uuid": "bf5d83b9-1b2c-43fe-8eb4-5007ff31d122",
                      "parentUUID": "28abc8c9-e3e7-4dba-9312-970777512aff",
                      "isHook": false,
                      "skipped": false
                    },
                    {
                      "title": "Deve cadastrar um usuário com o Email em branco",
                      "fullTitle": "Testes Front ServeRest - CADASTRO DE USUARIOS Testes cadastro de usuário/Negativos Testes cadastro de usuário deixando algum campo em branco Deve cadastrar um usuário com o Email em branco",
                      "timedOut": null,
                      "duration": 1691,
                      "state": "passed",
                      "speed": "fast",
                      "pass": true,
                      "fail": false,
                      "pending": false,
                      "context": null,
                      "code": "_serverest_login.default.acessarServeRestCadastro();\n_serverest_cdusuario.default.emailObrigatorio();",
                      "err": {},
                      "uuid": "507ac96f-8a7e-4c2e-8004-c20df504771e",
                      "parentUUID": "28abc8c9-e3e7-4dba-9312-970777512aff",
                      "isHook": false,
                      "skipped": false
                    },
                    {
                      "title": "Deve cadastrar um usuário com a senha em branco",
                      "fullTitle": "Testes Front ServeRest - CADASTRO DE USUARIOS Testes cadastro de usuário/Negativos Testes cadastro de usuário deixando algum campo em branco Deve cadastrar um usuário com a senha em branco",
                      "timedOut": null,
                      "duration": 1787,
                      "state": "passed",
                      "speed": "fast",
                      "pass": true,
                      "fail": false,
                      "pending": false,
                      "context": null,
                      "code": "_serverest_login.default.acessarServeRestCadastro();\n_serverest_cdusuario.default.passwordObrigatorio();",
                      "err": {},
                      "uuid": "abd3af23-be02-48b6-969d-bb075bef247b",
                      "parentUUID": "28abc8c9-e3e7-4dba-9312-970777512aff",
                      "isHook": false,
                      "skipped": false
                    }
                  ],
                  "suites": [],
                  "passes": [
                    "bf5d83b9-1b2c-43fe-8eb4-5007ff31d122",
                    "507ac96f-8a7e-4c2e-8004-c20df504771e",
                    "abd3af23-be02-48b6-969d-bb075bef247b"
                  ],
                  "failures": [],
                  "pending": [],
                  "skipped": [],
                  "duration": 6794,
                  "root": false,
                  "rootEmpty": false,
                  "_timeout": 2000
                },
                {
                  "uuid": "beaaf31d-03e2-4abb-90ac-60d9838627c1",
                  "title": "Testes cadastro de usuário com Email inválido",
                  "fullFile": "",
                  "file": "",
                  "beforeHooks": [],
                  "afterHooks": [],
                  "tests": [
                    {
                      "title": "Deve cadastrar um usuário com Email inválido",
                      "fullTitle": "Testes Front ServeRest - CADASTRO DE USUARIOS Testes cadastro de usuário/Negativos Testes cadastro de usuário com Email inválido Deve cadastrar um usuário com Email inválido",
                      "timedOut": null,
                      "duration": 2019,
                      "state": "passed",
                      "speed": "fast",
                      "pass": true,
                      "fail": false,
                      "pending": false,
                      "context": null,
                      "code": "_serverest_login.default.acessarServeRestCadastro();\n_serverest_cdusuario.default.emailFaltandoDados('testando@qa');",
                      "err": {},
                      "uuid": "dc386826-6427-4fef-93cc-e6c19fae75bf",
                      "parentUUID": "beaaf31d-03e2-4abb-90ac-60d9838627c1",
                      "isHook": false,
                      "skipped": false
                    },
                    {
                      "title": "Deve cadastrar um usuário sem inclua um \"@\" no endereço de e-mail.",
                      "fullTitle": "Testes Front ServeRest - CADASTRO DE USUARIOS Testes cadastro de usuário/Negativos Testes cadastro de usuário com Email inválido Deve cadastrar um usuário sem inclua um \"@\" no endereço de e-mail.",
                      "timedOut": null,
                      "duration": 2297,
                      "state": "passed",
                      "speed": "fast",
                      "pass": true,
                      "fail": false,
                      "pending": false,
                      "context": null,
                      "code": "_serverest_login.default.acessarServeRestCadastro();\n_serverest_cdusuario.default.emailFaltandoDados2('joaohotmail.com');\n_serverest_cdusuario.default.validarAlert();",
                      "err": {},
                      "uuid": "ed8195f8-24fe-488c-8d07-8a7b341fd5b6",
                      "parentUUID": "beaaf31d-03e2-4abb-90ac-60d9838627c1",
                      "isHook": false,
                      "skipped": false
                    }
                  ],
                  "suites": [],
                  "passes": [
                    "dc386826-6427-4fef-93cc-e6c19fae75bf",
                    "ed8195f8-24fe-488c-8d07-8a7b341fd5b6"
                  ],
                  "failures": [],
                  "pending": [],
                  "skipped": [],
                  "duration": 4316,
                  "root": false,
                  "rootEmpty": false,
                  "_timeout": 2000
                }
              ],
              "passes": [],
              "failures": [],
              "pending": [],
              "skipped": [],
              "duration": 0,
              "root": false,
              "rootEmpty": false,
              "_timeout": 2000
            }
          ],
          "passes": [],
          "failures": [],
          "pending": [],
          "skipped": [],
          "duration": 0,
          "root": false,
          "rootEmpty": false,
          "_timeout": 2000
        }
      ],
      "passes": [],
      "failures": [],
      "pending": [],
      "skipped": [],
      "duration": 0,
      "root": true,
      "rootEmpty": true,
      "_timeout": 2000
    }
  ],
  "meta": {
    "mocha": {
      "version": "7.0.1"
    },
    "mochawesome": {
      "options": {
        "quiet": false,
        "reportFilename": "mochawesome",
        "saveHtml": false,
        "saveJson": true,
        "consoleReporter": "spec",
        "useInlineDiffs": false,
        "code": true
      },
      "version": "6.3.1"
    },
    "marge": {
      "options": {
        "reportDir": "cypress/report/mochawesome-report",
        "overwrite": false,
        "html": false,
        "json": true,
        "timestamp": "yyyymmdd_HHMMss",
        "reportTitle": "Relatório Testes Sprint 5",
        "cdn": true,
        "charts": true
      },
      "version": "5.2.0"
    }
  }
}